<?xml version="1.0" encoding="UTF-8"?>
<testsuite name="step_definitions.RunTests" tests="0" skipped="0" failures="0" errors="0" timestamp="1970-01-01T00:00:00" hostname="DESKTOP1" time="0.0">
  <properties/>
  <system-out><![CDATA[the size is 43
AFTER hook called

1 Scenarios (1 passed)
4 Steps (4 passed)
0m11.557s

]]></system-out>
  <system-err><![CDATA[]]></system-err>
</testsuite>
